<?xml version="1.0" encoding="UTF-8"?>
<!-- Generated by org.testng.reporters.JUnitXMLReporter -->
<testsuite ignored="0" hostname="LAPTOP-GA4HMSSR" failures="1" tests="10" name="Test" time="87.354" errors="0" timestamp="2022-08-17T00:00:22 IST">
  <testcase classname="com.fb.qa.test.SignUpPageTest" name="createNewAccountTest" time="1.952"/>
  <testcase classname="com.fb.qa.test.ProfilePageTest" name="verifyProfilePageTest" time="7.813"/>
  <testcase classname="com.fb.qa.test.LoginPageTest" name="LoginPageTitle" time="0.026"/>
  <testcase classname="com.fb.qa.test.LoginPageTest" name="fbLogoImageTest" time="0.073"/>
  <testcase classname="com.fb.qa.test.LoginPageTest" name="loginTest" time="0.307"/>
  <testcase classname="com.fb.qa.test.LoginPageTest" name="multipleLoginTest" time="3.234"/>
  <testcase classname="com.fb.qa.test.LoginPageTest" name="multipleLoginTest" time="3.258"/>
  <testcase classname="com.fb.qa.test.LoginPageTest" name="multipleLoginTest" time="3.25"/>
  <testcase classname="com.fb.qa.test.HomePageTest" name="verifyHomePageTitleTest" time="9.348">
    <failure type="java.lang.AssertionError" message="expected [Facebook] but found [Facebook – log in or sign up]">
      <![CDATA[java.lang.AssertionError: expected [Facebook] but found [Facebook – log in or sign up]
at com.fb.qa.test.HomePageTest.verifyHomePageTitleTest(HomePageTest.java:39)
at java.base/java.util.ArrayList.forEach(ArrayList.java:1511)
... Removed 33 stack frames]]>
    </failure>
  </testcase> <!-- verifyHomePageTitleTest -->
  <testcase classname="com.fb.qa.test.HomePageTest" name="verifyFriendsLinkTest" time="8.893"/>
</testsuite> <!-- Test -->
