<?xml version="1.0" encoding="UTF-8"?>
<testng-results ignored="0" total="10" passed="9" failed="1" skipped="0">
  <reporter-output>
  </reporter-output>
  <suite started-at="2022-08-16T23:58:55 IST" name="Suite" finished-at="2022-08-17T00:00:22 IST" duration-ms="87354">
    <groups>
    </groups>
    <test started-at="2022-08-16T23:58:55 IST" name="Test" finished-at="2022-08-17T00:00:22 IST" duration-ms="87354">
      <class name="com.fb.qa.test.SignUpPageTest">
        <test-method is-config="true" signature="setUp()[pri:0, instance:com.fb.qa.test.SignUpPageTest@65a15628]" started-at="2022-08-16T23:58:55 IST" name="setUp" finished-at="2022-08-16T23:58:59 IST" duration-ms="4608" status="PASS">
          <reporter-output>
          </reporter-output>
        </test-method> <!-- setUp -->
        <test-method signature="createNewAccountTest()[pri:1, instance:com.fb.qa.test.SignUpPageTest@65a15628]" started-at="2022-08-16T23:58:59 IST" name="createNewAccountTest" finished-at="2022-08-16T23:59:01 IST" duration-ms="1952" status="PASS">
          <reporter-output>
          </reporter-output>
        </test-method> <!-- createNewAccountTest -->
      </class> <!-- com.fb.qa.test.SignUpPageTest -->
      <class name="com.fb.qa.test.ProfilePageTest">
        <test-method is-config="true" signature="setUp()[pri:0, instance:com.fb.qa.test.ProfilePageTest@2dcd168a]" started-at="2022-08-16T23:59:01 IST" name="setUp" finished-at="2022-08-16T23:59:05 IST" duration-ms="3269" status="PASS">
          <reporter-output>
          </reporter-output>
        </test-method> <!-- setUp -->
        <test-method signature="verifyProfilePageTest()[pri:8, instance:com.fb.qa.test.ProfilePageTest@2dcd168a]" started-at="2022-08-16T23:59:05 IST" name="verifyProfilePageTest" finished-at="2022-08-16T23:59:12 IST" duration-ms="7813" status="PASS">
          <reporter-output>
          </reporter-output>
        </test-method> <!-- verifyProfilePageTest -->
      </class> <!-- com.fb.qa.test.ProfilePageTest -->
      <class name="com.fb.qa.test.LoginPageTest">
        <test-method is-config="true" signature="setUp()[pri:0, instance:com.fb.qa.test.LoginPageTest@388526fb]" started-at="2022-08-16T23:59:12 IST" name="setUp" finished-at="2022-08-16T23:59:16 IST" duration-ms="3502" status="PASS">
          <reporter-output>
          </reporter-output>
        </test-method> <!-- setUp -->
        <test-method signature="LoginPageTitle()[pri:2, instance:com.fb.qa.test.LoginPageTest@388526fb]" started-at="2022-08-16T23:59:16 IST" name="LoginPageTitle" finished-at="2022-08-16T23:59:16 IST" duration-ms="26" status="PASS">
          <reporter-output>
          </reporter-output>
        </test-method> <!-- LoginPageTitle -->
        <test-method is-config="true" signature="tearDown()[pri:0, instance:com.fb.qa.test.LoginPageTest@388526fb]" started-at="2022-08-16T23:59:16 IST" name="tearDown" finished-at="2022-08-16T23:59:16 IST" duration-ms="392" status="PASS">
          <reporter-output>
          </reporter-output>
        </test-method> <!-- tearDown -->
        <test-method is-config="true" signature="setUp()[pri:0, instance:com.fb.qa.test.LoginPageTest@388526fb]" started-at="2022-08-16T23:59:16 IST" name="setUp" finished-at="2022-08-16T23:59:23 IST" duration-ms="6450" status="PASS">
          <reporter-output>
          </reporter-output>
        </test-method> <!-- setUp -->
        <test-method signature="fbLogoImageTest()[pri:3, instance:com.fb.qa.test.LoginPageTest@388526fb]" started-at="2022-08-16T23:59:23 IST" name="fbLogoImageTest" finished-at="2022-08-16T23:59:23 IST" duration-ms="73" status="PASS">
          <reporter-output>
          </reporter-output>
        </test-method> <!-- fbLogoImageTest -->
        <test-method is-config="true" signature="tearDown()[pri:0, instance:com.fb.qa.test.LoginPageTest@388526fb]" started-at="2022-08-16T23:59:23 IST" name="tearDown" finished-at="2022-08-16T23:59:23 IST" duration-ms="377" status="PASS">
          <reporter-output>
          </reporter-output>
        </test-method> <!-- tearDown -->
        <test-method is-config="true" signature="setUp()[pri:0, instance:com.fb.qa.test.LoginPageTest@388526fb]" started-at="2022-08-16T23:59:23 IST" name="setUp" finished-at="2022-08-16T23:59:27 IST" duration-ms="4041" status="PASS">
          <reporter-output>
          </reporter-output>
        </test-method> <!-- setUp -->
        <test-method signature="loginTest()[pri:4, instance:com.fb.qa.test.LoginPageTest@388526fb]" started-at="2022-08-16T23:59:27 IST" name="loginTest" finished-at="2022-08-16T23:59:28 IST" duration-ms="307" status="PASS">
          <reporter-output>
          </reporter-output>
        </test-method> <!-- loginTest -->
        <test-method is-config="true" signature="tearDown()[pri:0, instance:com.fb.qa.test.LoginPageTest@388526fb]" started-at="2022-08-16T23:59:28 IST" name="tearDown" finished-at="2022-08-16T23:59:28 IST" duration-ms="368" status="PASS">
          <reporter-output>
          </reporter-output>
        </test-method> <!-- tearDown -->
        <test-method is-config="true" signature="setUp()[pri:0, instance:com.fb.qa.test.LoginPageTest@388526fb]" started-at="2022-08-16T23:59:29 IST" name="setUp" finished-at="2022-08-16T23:59:36 IST" duration-ms="7401" status="PASS">
          <reporter-output>
          </reporter-output>
        </test-method> <!-- setUp -->
        <test-method signature="multipleLoginTest(java.lang.String,java.lang.String)[pri:5, instance:com.fb.qa.test.LoginPageTest@388526fb]" started-at="2022-08-16T23:59:36 IST" name="multipleLoginTest" description="verifying multiple login using dataprovider test on login page" data-provider="getLoginTestData" finished-at="2022-08-16T23:59:40 IST" duration-ms="3234" status="PASS">
          <params>
            <param index="0">
              <value>
                <![CDATA[ahsankumar22@gmail.com]]>
              </value>
            </param>
            <param index="1">
              <value>
                <![CDATA[kumar0143]]>
              </value>
            </param>
          </params>
          <reporter-output>
          </reporter-output>
        </test-method> <!-- multipleLoginTest -->
        <test-method is-config="true" signature="tearDown()[pri:0, instance:com.fb.qa.test.LoginPageTest@388526fb]" started-at="2022-08-16T23:59:40 IST" name="tearDown" finished-at="2022-08-16T23:59:40 IST" duration-ms="304" status="PASS">
          <reporter-output>
          </reporter-output>
        </test-method> <!-- tearDown -->
        <test-method is-config="true" signature="setUp()[pri:0, instance:com.fb.qa.test.LoginPageTest@388526fb]" started-at="2022-08-16T23:59:40 IST" name="setUp" finished-at="2022-08-16T23:59:45 IST" duration-ms="5261" status="PASS">
          <reporter-output>
          </reporter-output>
        </test-method> <!-- setUp -->
        <test-method signature="multipleLoginTest(java.lang.String,java.lang.String)[pri:5, instance:com.fb.qa.test.LoginPageTest@388526fb]" started-at="2022-08-16T23:59:45 IST" name="multipleLoginTest" description="verifying multiple login using dataprovider test on login page" data-provider="getLoginTestData" finished-at="2022-08-16T23:59:48 IST" duration-ms="3258" status="PASS">
          <params>
            <param index="0">
              <value>
                <![CDATA[aamirreza156@gmail.com]]>
              </value>
            </param>
            <param index="1">
              <value>
                <![CDATA[aamir0786]]>
              </value>
            </param>
          </params>
          <reporter-output>
          </reporter-output>
        </test-method> <!-- multipleLoginTest -->
        <test-method is-config="true" signature="tearDown()[pri:0, instance:com.fb.qa.test.LoginPageTest@388526fb]" started-at="2022-08-16T23:59:48 IST" name="tearDown" finished-at="2022-08-16T23:59:49 IST" duration-ms="353" status="PASS">
          <reporter-output>
          </reporter-output>
        </test-method> <!-- tearDown -->
        <test-method is-config="true" signature="setUp()[pri:0, instance:com.fb.qa.test.LoginPageTest@388526fb]" started-at="2022-08-16T23:59:49 IST" name="setUp" finished-at="2022-08-16T23:59:53 IST" duration-ms="3875" status="PASS">
          <reporter-output>
          </reporter-output>
        </test-method> <!-- setUp -->
        <test-method signature="multipleLoginTest(java.lang.String,java.lang.String)[pri:5, instance:com.fb.qa.test.LoginPageTest@388526fb]" started-at="2022-08-16T23:59:53 IST" name="multipleLoginTest" description="verifying multiple login using dataprovider test on login page" data-provider="getLoginTestData" finished-at="2022-08-16T23:59:56 IST" duration-ms="3250" status="PASS">
          <params>
            <param index="0">
              <value>
                <![CDATA[jayshah11@gmail.com]]>
              </value>
            </param>
            <param index="1">
              <value>
                <![CDATA[qwerty@8311]]>
              </value>
            </param>
          </params>
          <reporter-output>
          </reporter-output>
        </test-method> <!-- multipleLoginTest -->
        <test-method is-config="true" signature="tearDown()[pri:0, instance:com.fb.qa.test.LoginPageTest@388526fb]" started-at="2022-08-16T23:59:56 IST" name="tearDown" finished-at="2022-08-16T23:59:56 IST" duration-ms="367" status="PASS">
          <reporter-output>
          </reporter-output>
        </test-method> <!-- tearDown -->
      </class> <!-- com.fb.qa.test.LoginPageTest -->
      <class name="com.fb.qa.test.HomePageTest">
        <test-method is-config="true" signature="setUp()[pri:0, instance:com.fb.qa.test.HomePageTest@42bc14c1]" started-at="2022-08-16T23:59:56 IST" name="setUp" finished-at="2022-08-17T00:00:00 IST" duration-ms="3631" status="PASS">
          <reporter-output>
          </reporter-output>
        </test-method> <!-- setUp -->
        <test-method signature="verifyHomePageTitleTest()[pri:6, instance:com.fb.qa.test.HomePageTest@42bc14c1]" started-at="2022-08-17T00:00:00 IST" name="verifyHomePageTitleTest" finished-at="2022-08-17T00:00:09 IST" duration-ms="9348" status="FAIL">
          <exception class="java.lang.AssertionError">
            <message>
              <![CDATA[expected [Facebook] but found [Facebook – log in or sign up]]]>
            </message>
            <full-stacktrace>
              <![CDATA[java.lang.AssertionError: expected [Facebook] but found [Facebook – log in or sign up]
at org.testng.Assert.fail(Assert.java:99)
at org.testng.Assert.failNotEquals(Assert.java:1037)
at org.testng.Assert.assertEqualsImpl(Assert.java:140)
at org.testng.Assert.assertEquals(Assert.java:122)
at org.testng.Assert.assertEquals(Assert.java:629)
at org.testng.Assert.assertEquals(Assert.java:639)
at com.fb.qa.test.HomePageTest.verifyHomePageTitleTest(HomePageTest.java:39)
at java.base/jdk.internal.reflect.NativeMethodAccessorImpl.invoke0(Native Method)
at java.base/jdk.internal.reflect.NativeMethodAccessorImpl.invoke(NativeMethodAccessorImpl.java:77)
at java.base/jdk.internal.reflect.DelegatingMethodAccessorImpl.invoke(DelegatingMethodAccessorImpl.java:43)
at java.base/java.lang.reflect.Method.invoke(Method.java:568)
at org.testng.internal.MethodInvocationHelper.invokeMethod(MethodInvocationHelper.java:133)
at org.testng.internal.TestInvoker.invokeMethod(TestInvoker.java:598)
at org.testng.internal.TestInvoker.invokeTestMethod(TestInvoker.java:173)
at org.testng.internal.MethodRunner.runInSequence(MethodRunner.java:46)
at org.testng.internal.TestInvoker$MethodInvocationAgent.invoke(TestInvoker.java:824)
at org.testng.internal.TestInvoker.invokeTestMethods(TestInvoker.java:146)
at org.testng.internal.TestMethodWorker.invokeTestMethods(TestMethodWorker.java:146)
at org.testng.internal.TestMethodWorker.run(TestMethodWorker.java:128)
at java.base/java.util.ArrayList.forEach(ArrayList.java:1511)
at org.testng.TestRunner.privateRun(TestRunner.java:794)
at org.testng.TestRunner.run(TestRunner.java:596)
at org.testng.SuiteRunner.runTest(SuiteRunner.java:377)
at org.testng.SuiteRunner.runSequentially(SuiteRunner.java:371)
at org.testng.SuiteRunner.privateRun(SuiteRunner.java:332)
at org.testng.SuiteRunner.run(SuiteRunner.java:276)
at org.testng.SuiteRunnerWorker.runSuite(SuiteRunnerWorker.java:53)
at org.testng.SuiteRunnerWorker.run(SuiteRunnerWorker.java:96)
at org.testng.TestNG.runSuitesSequentially(TestNG.java:1212)
at org.testng.TestNG.runSuitesLocally(TestNG.java:1134)
at org.testng.TestNG.runSuites(TestNG.java:1063)
at org.testng.TestNG.run(TestNG.java:1031)
at org.testng.remote.AbstractRemoteTestNG.run(AbstractRemoteTestNG.java:115)
at org.testng.remote.RemoteTestNG.initAndRun(RemoteTestNG.java:251)
at org.testng.remote.RemoteTestNG.main(RemoteTestNG.java:77)
]]>
            </full-stacktrace>
          </exception> <!-- java.lang.AssertionError -->
          <reporter-output>
          </reporter-output>
        </test-method> <!-- verifyHomePageTitleTest -->
        <test-method is-config="true" signature="setUp()[pri:0, instance:com.fb.qa.test.HomePageTest@42bc14c1]" started-at="2022-08-17T00:00:09 IST" name="setUp" finished-at="2022-08-17T00:00:13 IST" duration-ms="3886" status="PASS">
          <reporter-output>
          </reporter-output>
        </test-method> <!-- setUp -->
        <test-method signature="verifyFriendsLinkTest()[pri:7, instance:com.fb.qa.test.HomePageTest@42bc14c1]" started-at="2022-08-17T00:00:13 IST" name="verifyFriendsLinkTest" finished-at="2022-08-17T00:00:22 IST" duration-ms="8893" status="PASS">
          <reporter-output>
          </reporter-output>
        </test-method> <!-- verifyFriendsLinkTest -->
      </class> <!-- com.fb.qa.test.HomePageTest -->
    </test> <!-- Test -->
  </suite> <!-- Suite -->
</testng-results>
